<?xml version="1.0" encoding="UTF-8"?>
<!-- Generated by org.testng.reporters.JUnitReportReporter -->
<testsuite hostname="DELL" failures="0" tests="1" name="testNGannotations.TestAnnotations" time="0.022" errors="0" timestamp="2023-03-28T11:51:00 IST" skipped="0">
  <testcase classname="testNGannotations.TestAnnotations" name="f" time="0.022"/>
  <system-out>
    <![CDATA[Test Case1]]>
  </system-out>
</testsuite> <!-- testNGannotations.TestAnnotations -->
