<?xml version="1.0" encoding="UTF-8"?>
<!-- Generated by org.testng.reporters.JUnitReportReporter -->
<testsuite hostname="DELL" failures="0" tests="2" name="testNGExecution.MethodsExe" time="0.025" errors="0" timestamp="2023-03-28T19:58:15 IST" skipped="0">
  <testcase classname="testNGExecution.MethodsExe" name="mathod2" time="0.010"/>
  <system-out>
    <![CDATA[1is the threadid
Method2]]>
  </system-out>
  <testcase classname="testNGExecution.MethodsExe" name="mathod1" time="0.015"/>
  <system-out>
    <![CDATA[1is the threadid
Method1]]>
  </system-out>
</testsuite> <!-- testNGExecution.MethodsExe -->
