<?xml version="1.0" encoding="UTF-8"?>
<!-- Generated by org.testng.reporters.JUnitReportReporter -->
<testsuite hostname="DELL" failures="0" tests="1" name="testNGExecution.TestNGClass2" time="50.213" errors="0" timestamp="2023-03-28T20:06:16 IST" skipped="0">
  <testcase classname="testNGExecution.TestNGClass2" name="Search2" time="50.213"/>
  <system-out/>
</testsuite> <!-- testNGExecution.TestNGClass2 -->
